[INFO] Scanning for projects...
[INFO] 
[INFO] ------------------------< com.petcare:backend >-------------------------
[INFO] Building backend 0.0.1-SNAPSHOT
[INFO]   from pom.xml
[INFO] --------------------------------[ jar ]---------------------------------
[INFO] 
[INFO] >>> spring-boot:3.2.0:run (default-cli) > test-compile @ backend >>>
[INFO] 
[INFO] --- resources:3.3.1:resources (default-resources) @ backend ---
[INFO] Copying 1 resource from src\main\resources to target\classes
[INFO] Copying 0 resource from src\main\resources to target\classes
[INFO] 
[INFO] --- compiler:3.11.0:compile (default-compile) @ backend ---
[INFO] Nothing to compile - all classes are up to date
[INFO] 
[INFO] --- resources:3.3.1:testResources (default-testResources) @ backend ---
[INFO] skip non existing resourceDirectory C:\pet care management system\crimson-hubble\backend\src\test\resources
[INFO] 
[INFO] --- compiler:3.11.0:testCompile (default-testCompile) @ backend ---
[INFO] No sources to compile
[INFO] 
[INFO] <<< spring-boot:3.2.0:run (default-cli) < test-compile @ backend <<<
[INFO] 
[INFO] 
[INFO] --- spring-boot:3.2.0:run (default-cli) @ backend ---
[INFO] Attaching agents: []

  .   ____          _            __ _ _
 /\\ / ___'_ __ _ _(_)_ __  __ _ \ \ \ \
( ( )\___ | '_ | '_| | '_ \/ _` | \ \ \ \
 \\/  ___)| |_)| | | | | || (_| |  ) ) ) )
  '  |____| .__|_| |_|_| |_\__, | / / / /
 =========|_|==============|___/=/_/_/_/
 :: Spring Boot ::                (v3.2.0)

2026-03-14T21:46:36.367+05:30  INFO 5516 --- [smart-pet-care] [           main] com.petcare.SmartPetCareApplication      : Starting SmartPetCareApplication using Java 17.0.18 with PID 5516 (C:\pet care management system\crimson-hubble\backend\target\classes started by Akhil pavan in C:\pet care management system\crimson-hubble\backend)
2026-03-14T21:46:36.370+05:30  INFO 5516 --- [smart-pet-care] [           main] com.petcare.SmartPetCareApplication      : No active profile set, falling back to 1 default profile: "default"
2026-03-14T21:46:37.166+05:30  INFO 5516 --- [smart-pet-care] [           main] .s.d.r.c.RepositoryConfigurationDelegate : Bootstrapping Spring Data JPA repositories in DEFAULT mode.
2026-03-14T21:46:37.241+05:30  INFO 5516 --- [smart-pet-care] [           main] .s.d.r.c.RepositoryConfigurationDelegate : Finished Spring Data repository scanning in 68 ms. Found 11 JPA repository interfaces.
2026-03-14T21:46:37.786+05:30  INFO 5516 --- [smart-pet-care] [           main] o.s.b.w.embedded.tomcat.TomcatWebServer  : Tomcat initialized with port 8080 (http)
2026-03-14T21:46:37.794+05:30  INFO 5516 --- [smart-pet-care] [           main] o.apache.catalina.core.StandardService   : Starting service [Tomcat]
2026-03-14T21:46:37.794+05:30  INFO 5516 --- [smart-pet-care] [           main] o.apache.catalina.core.StandardEngine    : Starting Servlet engine: [Apache Tomcat/10.1.16]
2026-03-14T21:46:37.862+05:30  INFO 5516 --- [smart-pet-care] [           main] o.a.c.c.C.[Tomcat].[localhost].[/]       : Initializing Spring embedded WebApplicationContext
2026-03-14T21:46:37.862+05:30  INFO 5516 --- [smart-pet-care] [           main] w.s.c.ServletWebServerApplicationContext : Root WebApplicationContext: initialization completed in 1440 ms
2026-03-14T21:46:37.990+05:30  INFO 5516 --- [smart-pet-care] [           main] o.hibernate.jpa.internal.util.LogHelper  : HHH000204: Processing PersistenceUnitInfo [name: default]
2026-03-14T21:46:38.034+05:30  INFO 5516 --- [smart-pet-care] [           main] org.hibernate.Version                    : HHH000412: Hibernate ORM core version 6.3.1.Final
2026-03-14T21:46:38.059+05:30  INFO 5516 --- [smart-pet-care] [           main] o.h.c.internal.RegionFactoryInitiator    : HHH000026: Second-level cache disabled
2026-03-14T21:46:38.250+05:30  INFO 5516 --- [smart-pet-care] [           main] o.s.o.j.p.SpringPersistenceUnitInfo      : No LoadTimeWeaver setup: ignoring JPA class transformer
2026-03-14T21:46:38.287+05:30  INFO 5516 --- [smart-pet-care] [           main] com.zaxxer.hikari.HikariDataSource       : HikariPool-1 - Starting...
2026-03-14T21:46:38.462+05:30  INFO 5516 --- [smart-pet-care] [           main] com.zaxxer.hikari.pool.HikariPool        : HikariPool-1 - Added connection com.mysql.cj.jdbc.ConnectionImpl@3eb9c575
2026-03-14T21:46:38.463+05:30  INFO 5516 --- [smart-pet-care] [           main] com.zaxxer.hikari.HikariDataSource       : HikariPool-1 - Start completed.
2026-03-14T21:46:38.501+05:30  WARN 5516 --- [smart-pet-care] [           main] org.hibernate.orm.deprecation            : HHH90000025: MySQL8Dialect does not need to be specified explicitly using 'hibernate.dialect' (remove the property setting and it will be selected by default)
2026-03-14T21:46:38.502+05:30  WARN 5516 --- [smart-pet-care] [           main] org.hibernate.orm.deprecation            : HHH90000026: MySQL8Dialect has been deprecated; use org.hibernate.dialect.MySQLDialect instead
2026-03-14T21:46:39.407+05:30  INFO 5516 --- [smart-pet-care] [           main] o.h.e.t.j.p.i.JtaPlatformInitiator       : HHH000489: No JTA platform available (set 'hibernate.transaction.jta.platform' to enable JTA platform integration)
2026-03-14T21:46:39.521+05:30  INFO 5516 --- [smart-pet-care] [           main] j.LocalContainerEntityManagerFactoryBean : Initialized JPA EntityManagerFactory for persistence unit 'default'
2026-03-14T21:46:39.908+05:30  INFO 5516 --- [smart-pet-care] [           main] o.s.d.j.r.query.QueryEnhancerFactory     : Hibernate is in classpath; If applicable, HQL parser will be used.
2026-03-14T21:46:40.833+05:30  WARN 5516 --- [smart-pet-care] [           main] JpaBaseConfiguration$JpaWebConfiguration : spring.jpa.open-in-view is enabled by default. Therefore, database queries may be performed during view rendering. Explicitly configure spring.jpa.open-in-view to disable this warning
2026-03-14T21:46:41.136+05:30  INFO 5516 --- [smart-pet-care] [           main] o.s.s.web.DefaultSecurityFilterChain     : Will secure any request with [org.springframework.security.web.session.DisableEncodeUrlFilter@a6a7c4f, org.springframework.security.web.context.request.async.WebAsyncManagerIntegrationFilter@451d6bc9, org.springframework.security.web.context.SecurityContextHolderFilter@66b65360, org.springframework.security.web.header.HeaderWriterFilter@46135aba, org.springframework.web.filter.CorsFilter@7431f4b8, org.springframework.security.web.authentication.logout.LogoutFilter@2e8ff687, com.petcare.security.AuthTokenFilter@35d145fb, org.springframework.security.web.savedrequest.RequestCacheAwareFilter@43b89b4, org.springframework.security.web.servletapi.SecurityContextHolderAwareRequestFilter@58b2c0b4, org.springframework.security.web.authentication.AnonymousAuthenticationFilter@5c936b5f, org.springframework.security.web.session.SessionManagementFilter@a1cac17, org.springframework.security.web.access.ExceptionTranslationFilter@4cc1f8d3, org.springframework.security.web.access.intercept.AuthorizationFilter@338f96f5]
2026-03-14T21:46:41.384+05:30  WARN 5516 --- [smart-pet-care] [           main] ConfigServletWebServerApplicationContext : Exception encountered during context initialization - cancelling refresh attempt: org.springframework.context.ApplicationContextException: Failed to start bean 'webServerStartStop'
2026-03-14T21:46:41.389+05:30  INFO 5516 --- [smart-pet-care] [           main] j.LocalContainerEntityManagerFactoryBean : Closing JPA EntityManagerFactory for persistence unit 'default'
2026-03-14T21:46:41.392+05:30  INFO 5516 --- [smart-pet-care] [           main] com.zaxxer.hikari.HikariDataSource       : HikariPool-1 - Shutdown initiated...
2026-03-14T21:46:41.399+05:30  INFO 5516 --- [smart-pet-care] [           main] com.zaxxer.hikari.HikariDataSource       : HikariPool-1 - Shutdown completed.
2026-03-14T21:46:41.415+05:30  INFO 5516 --- [smart-pet-care] [           main] .s.b.a.l.ConditionEvaluationReportLogger : 

Error starting ApplicationContext. To display the condition evaluation report re-run your application with 'debug' enabled.
2026-03-14T21:46:41.429+05:30 ERROR 5516 --- [smart-pet-care] [           main] o.s.b.d.LoggingFailureAnalysisReporter   : 

***************************
APPLICATION FAILED TO START
***************************

Description:

Web server failed to start. Port 8080 was already in use.

Action:

Identify and stop the process that's listening on port 8080 or configure this application to listen on another port.

[INFO] ------------------------------------------------------------------------
[INFO] BUILD FAILURE
[INFO] ------------------------------------------------------------------------
[INFO] Total time:  7.855 s
[INFO] Finished at: 2026-03-14T21:46:41+05:30
[INFO] ------------------------------------------------------------------------
[ERROR] Failed to execute goal org.springframework.boot:spring-boot-maven-plugin:3.2.0:run (default-cli) on project backend: Process terminated with exit code: 1 -> [Help 1]
[ERROR] 
[ERROR] To see the full stack trace of the errors, re-run Maven with the -e switch.
[ERROR] Re-run Maven using the -X switch to enable full debug logging.
[ERROR] 
[ERROR] For more information about the errors and possible solutions, please read the following articles:
[ERROR] [Help 1] http://cwiki.apache.org/confluence/display/MAVEN/MojoExecutionException
