[INFO] Scanning for projects...
[INFO] 
[INFO] ------------------------< com.petcare:backend >-------------------------
[INFO] Building backend 0.0.1-SNAPSHOT
[INFO]   from pom.xml
[INFO] --------------------------------[ jar ]---------------------------------
[INFO] 
[INFO] >>> spring-boot:3.2.0:run (default-cli) > test-compile @ backend >>>
[INFO] 
[INFO] --- resources:3.3.1:resources (default-resources) @ backend ---
[INFO] Copying 1 resource from src\main\resources to target\classes
[INFO] Copying 0 resource from src\main\resources to target\classes
[INFO] 
[INFO] --- compiler:3.11.0:compile (default-compile) @ backend ---
[INFO] Nothing to compile - all classes are up to date
[INFO] 
[INFO] --- resources:3.3.1:testResources (default-testResources) @ backend ---
[INFO] skip non existing resourceDirectory C:\pet care management system\crimson-hubble\backend\src\test\resources
[INFO] 
[INFO] --- compiler:3.11.0:testCompile (default-testCompile) @ backend ---
[INFO] No sources to compile
[INFO] 
[INFO] <<< spring-boot:3.2.0:run (default-cli) < test-compile @ backend <<<
[INFO] 
[INFO] 
[INFO] --- spring-boot:3.2.0:run (default-cli) @ backend ---
[INFO] Attaching agents: []

  .   ____          _            __ _ _
 /\\ / ___'_ __ _ _(_)_ __  __ _ \ \ \ \
( ( )\___ | '_ | '_| | '_ \/ _` | \ \ \ \
 \\/  ___)| |_)| | | | | || (_| |  ) ) ) )
  '  |____| .__|_| |_|_| |_\__, | / / / /
 =========|_|==============|___/=/_/_/_/
 :: Spring Boot ::                (v3.2.0)

2026-03-21T12:47:00.529+05:30  INFO 18576 --- [smart-pet-care] [           main] com.petcare.SmartPetCareApplication      : Starting SmartPetCareApplication using Java 17.0.18 with PID 18576 (C:\pet care management system\crimson-hubble\backend\target\classes started by Akhil pavan in C:\pet care management system\crimson-hubble\backend)
2026-03-21T12:47:00.534+05:30  INFO 18576 --- [smart-pet-care] [           main] com.petcare.SmartPetCareApplication      : No active profile set, falling back to 1 default profile: "default"
2026-03-21T12:47:01.615+05:30  INFO 18576 --- [smart-pet-care] [           main] .s.d.r.c.RepositoryConfigurationDelegate : Bootstrapping Spring Data JPA repositories in DEFAULT mode.
2026-03-21T12:47:01.784+05:30  INFO 18576 --- [smart-pet-care] [           main] .s.d.r.c.RepositoryConfigurationDelegate : Finished Spring Data repository scanning in 155 ms. Found 12 JPA repository interfaces.
2026-03-21T12:47:03.203+05:30  INFO 18576 --- [smart-pet-care] [           main] o.s.b.w.embedded.tomcat.TomcatWebServer  : Tomcat initialized with port 8081 (http)
2026-03-21T12:47:03.216+05:30  INFO 18576 --- [smart-pet-care] [           main] o.apache.catalina.core.StandardService   : Starting service [Tomcat]
2026-03-21T12:47:03.216+05:30  INFO 18576 --- [smart-pet-care] [           main] o.apache.catalina.core.StandardEngine    : Starting Servlet engine: [Apache Tomcat/10.1.16]
2026-03-21T12:47:03.365+05:30  INFO 18576 --- [smart-pet-care] [           main] o.a.c.c.C.[Tomcat].[localhost].[/]       : Initializing Spring embedded WebApplicationContext
2026-03-21T12:47:03.366+05:30  INFO 18576 --- [smart-pet-care] [           main] w.s.c.ServletWebServerApplicationContext : Root WebApplicationContext: initialization completed in 2768 ms
2026-03-21T12:47:03.430+05:30  INFO 18576 --- [smart-pet-care] [           main] com.zaxxer.hikari.HikariDataSource       : HikariPool-1 - Starting...
2026-03-21T12:47:03.716+05:30  INFO 18576 --- [smart-pet-care] [           main] com.zaxxer.hikari.pool.HikariPool        : HikariPool-1 - Added connection conn0: url=jdbc:h2:mem:petcare_db user=SA
2026-03-21T12:47:03.718+05:30  INFO 18576 --- [smart-pet-care] [           main] com.zaxxer.hikari.HikariDataSource       : HikariPool-1 - Start completed.
2026-03-21T12:47:03.736+05:30  INFO 18576 --- [smart-pet-care] [           main] o.s.b.a.h2.H2ConsoleAutoConfiguration    : H2 console available at '/h2-console'. Database available at 'jdbc:h2:mem:petcare_db'
2026-03-21T12:47:03.872+05:30  INFO 18576 --- [smart-pet-care] [           main] o.hibernate.jpa.internal.util.LogHelper  : HHH000204: Processing PersistenceUnitInfo [name: default]
2026-03-21T12:47:03.972+05:30  INFO 18576 --- [smart-pet-care] [           main] org.hibernate.Version                    : HHH000412: Hibernate ORM core version 6.3.1.Final
2026-03-21T12:47:04.022+05:30  INFO 18576 --- [smart-pet-care] [           main] o.h.c.internal.RegionFactoryInitiator    : HHH000026: Second-level cache disabled
2026-03-21T12:47:04.304+05:30  INFO 18576 --- [smart-pet-care] [           main] o.s.o.j.p.SpringPersistenceUnitInfo      : No LoadTimeWeaver setup: ignoring JPA class transformer
2026-03-21T12:47:04.352+05:30  WARN 18576 --- [smart-pet-care] [           main] org.hibernate.orm.deprecation            : HHH90000025: H2Dialect does not need to be specified explicitly using 'hibernate.dialect' (remove the property setting and it will be selected by default)
2026-03-21T12:47:05.636+05:30  INFO 18576 --- [smart-pet-care] [           main] o.h.e.t.j.p.i.JtaPlatformInitiator       : HHH000489: No JTA platform available (set 'hibernate.transaction.jta.platform' to enable JTA platform integration)
Hibernate: create table appointments (id bigint generated by default as identity, date_time timestamp(6) not null, reason varchar(500), reminder_sent boolean not null, status varchar(255) check (status in ('PENDING','CONFIRMED','COMPLETED','CANCELLED')), doctor_id bigint not null, pet_id bigint not null, primary key (id))
Hibernate: create table cart_items (id bigint generated by default as identity, quantity integer not null, product_id bigint not null, user_id bigint not null, primary key (id))
Hibernate: create table categories (id bigint generated by default as identity, description varchar(255), name varchar(255) not null, primary key (id))
Hibernate: create table consultations (id bigint generated by default as identity, created_at timestamp(6) not null, meeting_link varchar(255), meeting_time timestamp(6) not null, pet_name varchar(255) not null, pet_type varchar(255) not null, problem_description varchar(1000) not null, status varchar(255) not null check (status in ('PENDING','ACCEPTED','REJECTED','COMPLETED')), doctor_id bigint not null, user_id bigint not null, primary key (id))
Hibernate: create table doctors (id bigint generated by default as identity, availability varchar(255), bio varchar(1000), clinic_address varchar(255), consultation_fee float(53), experience_years integer, image_url varchar(255), qualification varchar(255), rating float(53), specialization varchar(255), status varchar(255) check (status in ('PENDING','APPROVED','REJECTED')), user_id bigint not null, primary key (id))
Hibernate: create table health_records (id bigint generated by default as identity, activity_level integer, calories integer, date date, description varchar(255), diagnosis TEXT, next_due_date date, precautions varchar(255), provider varchar(255), record_type varchar(255), treatment TEXT, vaccine_name varchar(255), weight float(53), pet_id bigint not null, primary key (id))
Hibernate: create table order_items (id bigint generated by default as identity, price numeric(38,2) not null, quantity integer not null, order_id bigint not null, product_id bigint not null, primary key (id))
Hibernate: create table orders (id bigint generated by default as identity, order_date timestamp(6), payment_method varchar(255), shipping_address varchar(255), status varchar(255), total_amount numeric(38,2), user_id bigint not null, primary key (id))
Hibernate: create table payments (id bigint generated by default as identity, amount float(53), razorpay_order_id varchar(255), razorpay_payment_id varchar(255), status varchar(255), appointment_id bigint, order_id bigint, primary key (id))
Hibernate: create table pets (id bigint generated by default as identity, age integer, breed varchar(255), details TEXT, gender varchar(255), name varchar(255) not null, species varchar(255), weight float(53), owner_id bigint not null, primary key (id))
Hibernate: create table products (id bigint generated by default as identity, description varchar(1000), image_url varchar(255), name varchar(255) not null, price numeric(38,2) not null, stock_quantity integer, category_id bigint, primary key (id))
Hibernate: create table reminders (id bigint generated by default as identity, completed boolean not null, description varchar(255), reminder_date timestamp(6), title varchar(255), pet_id bigint not null, primary key (id))
Hibernate: create table users (id bigint generated by default as identity, email varchar(255) not null, name varchar(255) not null, password varchar(255) not null, registration_date TIMESTAMP DEFAULT CURRENT_TIMESTAMP, reset_password_token varchar(255), reset_password_token_expiry timestamp(6), role varchar(255) not null check (role in ('USER','DOCTOR','ADMIN')), primary key (id))
Hibernate: alter table if exists categories drop constraint if exists UK_t8o6pivur7nn124jehx7cygw5
Hibernate: alter table if exists categories add constraint UK_t8o6pivur7nn124jehx7cygw5 unique (name)
Hibernate: alter table if exists doctors drop constraint if exists UK_t1f6cueqyjwx5ghew9ar1exe3
Hibernate: alter table if exists doctors add constraint UK_t1f6cueqyjwx5ghew9ar1exe3 unique (user_id)
Hibernate: alter table if exists payments drop constraint if exists UK_2kxb37oip0md9ggekjbjmana4
Hibernate: alter table if exists payments add constraint UK_2kxb37oip0md9ggekjbjmana4 unique (appointment_id)
Hibernate: alter table if exists payments drop constraint if exists UK_8vo36cen604as7etdfwmyjsxt
Hibernate: alter table if exists payments add constraint UK_8vo36cen604as7etdfwmyjsxt unique (order_id)
Hibernate: alter table if exists users drop constraint if exists UK_6dotkott2kjsp8vw4d0m25fb7
Hibernate: alter table if exists users add constraint UK_6dotkott2kjsp8vw4d0m25fb7 unique (email)
Hibernate: alter table if exists appointments add constraint FKmujeo4tymoo98cmf7uj3vsv76 foreign key (doctor_id) references doctors
Hibernate: alter table if exists appointments add constraint FK62dl3dvwsbveq3vv067becwmj foreign key (pet_id) references pets
Hibernate: alter table if exists cart_items add constraint FK1re40cjegsfvw58xrkdp6bac6 foreign key (product_id) references products
Hibernate: alter table if exists cart_items add constraint FK709eickf3kc0dujx3ub9i7btf foreign key (user_id) references users
Hibernate: alter table if exists consultations add constraint FKjmv9dug68njljwof0eep0jrm foreign key (doctor_id) references doctors
Hibernate: alter table if exists consultations add constraint FK96gr1fy33fqe11s3fi2ynyq24 foreign key (user_id) references users
Hibernate: alter table if exists doctors add constraint FKe9pf5qtxxkdyrwibaevo9frtk foreign key (user_id) references users
Hibernate: alter table if exists health_records add constraint FKqyl8yv2pnuw647la6hu4hafbo foreign key (pet_id) references pets
Hibernate: alter table if exists order_items add constraint FKbioxgbv59vetrxe0ejfubep1w foreign key (order_id) references orders
Hibernate: alter table if exists order_items add constraint FKocimc7dtr037rh4ls4l95nlfi foreign key (product_id) references products
Hibernate: alter table if exists orders add constraint FK32ql8ubntj5uh44ph9659tiih foreign key (user_id) references users
Hibernate: alter table if exists payments add constraint FK9a0odew03qao7nlbdsesrux5u foreign key (appointment_id) references appointments
Hibernate: alter table if exists payments add constraint FK81gagumt0r8y3rmudcgpbk42l foreign key (order_id) references orders
Hibernate: alter table if exists pets add constraint FKoygstexeo9ivoylgrdrv2tc39 foreign key (owner_id) references users
Hibernate: alter table if exists products add constraint FKog2rp4qthbtt2lfyhfo32lsw9 foreign key (category_id) references categories
Hibernate: alter table if exists reminders add constraint FK3ua9yf0b5j07c7ye0pcmm0jfq foreign key (pet_id) references pets
2026-03-21T12:47:05.730+05:30  INFO 18576 --- [smart-pet-care] [           main] j.LocalContainerEntityManagerFactoryBean : Initialized JPA EntityManagerFactory for persistence unit 'default'
2026-03-21T12:47:06.223+05:30  INFO 18576 --- [smart-pet-care] [           main] o.s.d.j.r.query.QueryEnhancerFactory     : Hibernate is in classpath; If applicable, HQL parser will be used.
[INFO] Google Calendar running in MOCK mode. Set google.calendar.* properties to enable real invites.
2026-03-21T12:47:07.576+05:30  WARN 18576 --- [smart-pet-care] [           main] JpaBaseConfiguration$JpaWebConfiguration : spring.jpa.open-in-view is enabled by default. Therefore, database queries may be performed during view rendering. Explicitly configure spring.jpa.open-in-view to disable this warning
2026-03-21T12:47:07.957+05:30  INFO 18576 --- [smart-pet-care] [           main] o.s.s.web.DefaultSecurityFilterChain     : Will secure any request with [org.springframework.security.web.session.DisableEncodeUrlFilter@36fb5ba, org.springframework.security.web.context.request.async.WebAsyncManagerIntegrationFilter@1972346b, org.springframework.security.web.context.SecurityContextHolderFilter@7f6cf9b2, org.springframework.security.web.header.HeaderWriterFilter@497031ea, org.springframework.web.filter.CorsFilter@1a2454b0, org.springframework.security.web.authentication.logout.LogoutFilter@4105b1d2, com.petcare.security.AuthTokenFilter@640028f2, org.springframework.security.web.savedrequest.RequestCacheAwareFilter@456a0e9e, org.springframework.security.web.servletapi.SecurityContextHolderAwareRequestFilter@ea2f3a, org.springframework.security.web.authentication.AnonymousAuthenticationFilter@46ce6678, org.springframework.security.web.session.SessionManagementFilter@27ebe541, org.springframework.security.web.access.ExceptionTranslationFilter@67d361fa, org.springframework.security.web.access.intercept.AuthorizationFilter@2c36c62a]
2026-03-21T12:47:08.336+05:30  WARN 18576 --- [smart-pet-care] [           main] ConfigServletWebServerApplicationContext : Exception encountered during context initialization - cancelling refresh attempt: org.springframework.context.ApplicationContextException: Failed to start bean 'webServerStartStop'
2026-03-21T12:47:08.342+05:30  INFO 18576 --- [smart-pet-care] [           main] j.LocalContainerEntityManagerFactoryBean : Closing JPA EntityManagerFactory for persistence unit 'default'
2026-03-21T12:47:08.343+05:30  INFO 18576 --- [smart-pet-care] [           main] com.zaxxer.hikari.HikariDataSource       : HikariPool-1 - Shutdown initiated...
2026-03-21T12:47:08.344+05:30  INFO 18576 --- [smart-pet-care] [           main] com.zaxxer.hikari.HikariDataSource       : HikariPool-1 - Shutdown completed.
2026-03-21T12:47:08.360+05:30  INFO 18576 --- [smart-pet-care] [           main] .s.b.a.l.ConditionEvaluationReportLogger : 

Error starting ApplicationContext. To display the condition evaluation report re-run your application with 'debug' enabled.
2026-03-21T12:47:08.378+05:30 ERROR 18576 --- [smart-pet-care] [           main] o.s.b.d.LoggingFailureAnalysisReporter   : 

***************************
APPLICATION FAILED TO START
***************************

Description:

Web server failed to start. Port 8081 was already in use.

Action:

Identify and stop the process that's listening on port 8081 or configure this application to listen on another port.

[INFO] ------------------------------------------------------------------------
[INFO] BUILD FAILURE
[INFO] ------------------------------------------------------------------------
[INFO] Total time:  12.297 s
[INFO] Finished at: 2026-03-21T12:47:08+05:30
[INFO] ------------------------------------------------------------------------
[ERROR] Failed to execute goal org.springframework.boot:spring-boot-maven-plugin:3.2.0:run (default-cli) on project backend: Process terminated with exit code: 1 -> [Help 1]
[ERROR] 
[ERROR] To see the full stack trace of the errors, re-run Maven with the -e switch.
[ERROR] Re-run Maven using the -X switch to enable full debug logging.
[ERROR] 
[ERROR] For more information about the errors and possible solutions, please read the following articles:
[ERROR] [Help 1] http://cwiki.apache.org/confluence/display/MAVEN/MojoExecutionException
